#
# A fatal error has been detected by the Java Runtime Environment:
#
#  SIGSEGV (0xb) at pc=0x000000011d42e003, pid=1869, tid=67119
#
# JRE version: Java(TM) SE Runtime Environment (7.0_55-b13) (build 1.7.0_55-b13)
# Java VM: Java HotSpot(TM) 64-Bit Server VM (24.55-b03 mixed mode bsd-amd64 compressed oops)
# Problematic frame:
# C  0x000000011d42e003
#
# Failed to write core dump. Core dumps have been disabled. To enable core dumping, try "ulimit -c unlimited" before starting Java again
#
# If you would like to submit a bug report, please visit:
#   http://bugreport.sun.com/bugreport/crash.jsp
# The crash happened outside the Java Virtual Machine in native code.
# See problematic frame for where to report the bug.
#

---------------  T H R E A D  ---------------

Current thread (0x00007f81aca3c000):  JavaThread "Animation Thread" [_thread_in_native, id=67119, stack(0x0000700002d38000,0x0000700002e38000)]

siginfo:si_signo=SIGSEGV: si_errno=0, si_code=1 (SEGV_MAPERR), si_addr=0x000000011d42e003

Registers:
RAX=0x0000000e00001f80, RBX=0x00007f81ac4c1d00, RCX=0x0000000d00001f80, RDX=0x00007fffba684630
RSP=0x0000700002e360b0, RBP=0x0000700002e360c0, RSI=0x0000000000000000, RDI=0x00007f81af00ce70
R8 =0x00007fffba67d158, R9 =0x00007f81af00ce70, R10=0x00000000a7baadb1, R11=0xffffffffffffffff
R12=0x00007f81ac4c12d0, R13=0x000000011d42d910, R14=0x00007f81af00c910, R15=0x0000000000000000
RIP=0x000000011d42e003, EFLAGS=0x0000000000010206, ERR=0x0000000000000014
  TRAPNO=0x000000000000000e

Top of Stack: (sp=0x0000700002e360b0)
0x0000700002e360b0:   00007f81ac4c1290 00007f81af00c910
0x0000700002e360c0:   0000700002e36140 000000011d42d9ae
0x0000700002e360d0:   00007000000000c0 00007fff00000011
0x0000700002e360e0:   00007000000000d4 00000000000000a5
0x0000700002e360f0:   000000000000004f 00007f8100000000
0x0000700002e36100:   000000000000000a 00007f8100000027
0x0000700002e36110:   00007f8100000005 00007f8100000028
0x0000700002e36120:   00007f8100000061 00007f81ac4c12d0
0x0000700002e36130:   00007f81ac4c1290 00007f81af00c910
0x0000700002e36140:   0000700002e36180 00007fff9f6be186
0x0000700002e36150:   0000000000000001 0000000000000000
0x0000700002e36160:   0000000000000000 00007f81ac4c3970
0x0000700002e36170:   00007f81ac4c25a0 0000000000000001
0x0000700002e36180:   0000700002e36220 00007fffa15b0eea
0x0000700002e36190:   00007f81af00c930 0000000000000001
0x0000700002e361a0:   0000700002e36294 0000700002e362a0
0x0000700002e361b0:   00007f81af00c930 0001132b42000000
0x0000700002e361c0:   00007f81af00c910 00007f81ac4c25d0
0x0000700002e361d0:   00007f81ac4c25a0 0000000000000000
0x0000700002e361e0:   0000000158e844c2 00007f81ac7a86e0
0x0000700002e361f0:   00007f81af00c910 00007f81af00c910
0x0000700002e36200:   00007f81ac4c0fa0 0000700002e36294
0x0000700002e36210:   000000000001132b 000000000001121f
0x0000700002e36220:   0000700002e362d0 000000011ce92b6e
0x0000700002e36230:   000000010000009c 00007f8100000011
0x0000700002e36240:   00007000000000d4 00007fff00000091
0x0000700002e36250:   00000000000000d4 ffffffff00000000
0x0000700002e36260:   0000000100000050 00007fff000000e4
0x0000700002e36270:   00000001000000c6 00007f8100000042
0x0000700002e36280:   00007f810000006f 0000700002e36340
0x0000700002e36290:   00007f81ac4c0fa0 000000011ce94794
0x0000700002e362a0:   0000000000000000 00007f81ac7a9950 

Instructions: (pc=0x000000011d42e003)
0x000000011d42dfe3:   
[error occurred during error reporting (printing registers, top of stack, instructions near pc), id 0xb]

Register to memory mapping:

RAX=0x0000000e00001f80 is an unknown value
RBX=0x00007f81ac4c1d00 is an unknown value
RCX=0x0000000d00001f80 is an unknown value
RDX=0x00007fffba684630: __CFRuntimeObjCClassTable+0 in /System/Library/Frameworks/CoreFoundation.framework/Versions/A/CoreFoundation at 0x00007fff9f5c9000
RSP=0x0000700002e360b0 is pointing into the stack for thread: 0x00007f81aca3c000
RBP=0x0000700002e360c0 is pointing into the stack for thread: 0x00007f81aca3c000
RSI=0x0000000000000000 is an unknown value
RDI=0x00007f81af00ce70 is an unknown value
R8 =0x00007fffba67d158: CFBundleGlobalDataLock+0x18 in /System/Library/Frameworks/CoreFoundation.framework/Versions/A/CoreFoundation at 0x00007fff9f5c9000
R9 =0x00007f81af00ce70 is an unknown value
R10=0x00000000a7baadb1 is an unknown value
R11=0xffffffffffffffff is an unknown value
R12=0x00007f81ac4c12d0 is an unknown value
R13=0x000000011d42d910 is an unknown value
R14=0x00007f81af00c910 is an unknown value
R15=0x0000000000000000 is an unknown value


Stack: [0x0000700002d38000,0x0000700002e38000],  sp=0x0000700002e360b0,  free space=1016k
Native frames: (J=compiled Java code, j=interpreted, Vv=VM code, C=native code)
C  0x000000011d42e003
C  0x000000011d42d9ae
C  [CoreFoundation+0xf5186]  _CFPFactoryCreateInstance+0x86
C  [IOKit+0x8eea]  IOCreatePlugInInterfaceForService+0x362
C  [libusb-1.0.0.dylib+0x9b6e]  usb_get_next_device+0x157
C  [libusb-1.0.0.dylib+0x495a]  darwin_get_device_list+0x9a
C  [libusb-1.0.0.dylib+0x126d]  libusb_get_device_list+0x5a
C  [libfreenect.0.1.2.dylib+0x78fc]  fnusb_num_devices+0x1c
C  [libfreenect.0.1.2.dylib+0x1dbc]  freenect_num_devices+0x1c
C  [libFreenectDriver.dylib+0x32b5]  FreenectDriver::Driver::initialize(void (*)(OniDeviceInfo const*, void*), void (*)(OniDeviceInfo const*, void*), void (*)(OniDeviceInfo const*, int, void*), void*)+0x45
C  [libOpenNI2.dylib+0x8d7f]  oni::implementation::DeviceDriver::initialize()+0x2f
C  [libOpenNI2.dylib+0x3c54]  oni::implementation::Context::loadLibraries(char const*)+0x3a4
C  [libOpenNI2.dylib+0x385c]  oni::implementation::Context::initialize()+0x50c
C  [libSimpleOpenNI.jnilib+0xe0e7]  sOpenNI::ContextWrapper::initContext()+0x97
C  [libSimpleOpenNI.jnilib+0xe18e]  sOpenNI::ContextWrapper::init(int)+0x1e
C  [libSimpleOpenNI.jnilib+0x6c4f]  Java_SimpleOpenNI_SimpleOpenNIJNI_ContextWrapper_1init_1_1SWIG_10+0xf
j  SimpleOpenNI.SimpleOpenNIJNI.ContextWrapper_init__SWIG_0(JLSimpleOpenNI/ContextWrapper;I)Z+0
j  SimpleOpenNI.ContextWrapper.init(I)Z+6
j  SimpleOpenNI.SimpleOpenNI.initEnv(Lprocessing/core/PApplet;II)V+42
j  SimpleOpenNI.SimpleOpenNI.<init>(Lprocessing/core/PApplet;)V+17
j  Prueba_pde.setup()V+16
j  processing.core.PApplet.handleDraw()V+141
j  processing.core.PGraphicsJava2D.requestDraw()V+4
j  processing.core.PApplet.run()V+156
j  java.lang.Thread.run()V+11
v  ~StubRoutines::call_stub
V  [libjvm.dylib+0x2d6a90]  JavaCalls::call_helper(JavaValue*, methodHandle*, JavaCallArguments*, Thread*)+0x22a
V  [libjvm.dylib+0x2d6fa7]  JavaCalls::call_virtual(JavaValue*, KlassHandle, Symbol*, Symbol*, JavaCallArguments*, Thread*)+0x11b
V  [libjvm.dylib+0x2d70e4]  JavaCalls::call_virtual(JavaValue*, Handle, KlassHandle, Symbol*, Symbol*, Thread*)+0x4a
V  [libjvm.dylib+0x3260ca]  thread_entry(JavaThread*, Thread*)+0xad
V  [libjvm.dylib+0x4efb17]  JavaThread::thread_main_inner()+0x9b
V  [libjvm.dylib+0x4f121f]  JavaThread::run()+0x1a3
V  [libjvm.dylib+0x41b14e]  java_start(Thread*)+0x126
C  [libsystem_pthread.dylib+0x393b]  _pthread_body+0xb4
C  [libsystem_pthread.dylib+0x3887]  _pthread_body+0x0
C  [libsystem_pthread.dylib+0x308d]  thread_start+0xd

Java frames: (J=compiled Java code, j=interpreted, Vv=VM code)
j  SimpleOpenNI.SimpleOpenNIJNI.ContextWrapper_init__SWIG_0(JLSimpleOpenNI/ContextWrapper;I)Z+0
j  SimpleOpenNI.ContextWrapper.init(I)Z+6
j  SimpleOpenNI.SimpleOpenNI.initEnv(Lprocessing/core/PApplet;II)V+42
j  SimpleOpenNI.SimpleOpenNI.<init>(Lprocessing/core/PApplet;)V+17
j  Prueba_pde.setup()V+16
j  processing.core.PApplet.handleDraw()V+141
j  processing.core.PGraphicsJava2D.requestDraw()V+4
j  processing.core.PApplet.run()V+156
j  java.lang.Thread.run()V+11
v  ~StubRoutines::call_stub

---------------  P R O C E S S  ---------------

Java Threads: ( => current thread )
=>0x00007f81aca3c000 JavaThread "Animation Thread" [_thread_in_native, id=67119, stack(0x0000700002d38000,0x0000700002e38000)]
  0x00007f81aca2b800 JavaThread "AWT-EventQueue-0" [_thread_blocked, id=66587, stack(0x0000700002c35000,0x0000700002d35000)]
  0x00007f81ac983800 JavaThread "Java2D Disposer" daemon [_thread_blocked, id=62479, stack(0x0000700002aaf000,0x0000700002baf000)]
  0x00007f81ad0b9000 JavaThread "Java2D Queue Flusher" daemon [_thread_blocked, id=60167, stack(0x00007000029ac000,0x0000700002aac000)]
  0x00007f81ad05a000 JavaThread "AWT-Shutdown" [_thread_blocked, id=32543, stack(0x000070000269d000,0x000070000279d000)]
  0x00007f81ac93e000 JavaThread "AppKit Thread" daemon [_thread_in_native, id=775, stack(0x00007fff5bb85000,0x00007fff5c385000)]
  0x00007f81ae08b800 JavaThread "Service Thread" daemon [_thread_blocked, id=21763, stack(0x0000700002414000,0x0000700002514000)]
  0x00007f81ad022800 JavaThread "C2 CompilerThread1" daemon [_thread_blocked, id=21251, stack(0x0000700002311000,0x0000700002411000)]
  0x00007f81ad827800 JavaThread "C2 CompilerThread0" daemon [_thread_blocked, id=20739, stack(0x000070000220e000,0x000070000230e000)]
  0x00007f81ac817000 JavaThread "JDWP Command Reader" daemon [_thread_in_native, id=20227, stack(0x000070000210b000,0x000070000220b000)]
  0x00007f81ae036000 JavaThread "JDWP Event Helper Thread" daemon [_thread_blocked, id=19715, stack(0x0000700002008000,0x0000700002108000)]
  0x00007f81ae043800 JavaThread "JDWP Transport Listener: dt_socket" daemon [_thread_blocked, id=19203, stack(0x0000700001f05000,0x0000700002005000)]
  0x00007f81ad019800 JavaThread "Signal Dispatcher" daemon [_thread_blocked, id=18691, stack(0x0000700001e02000,0x0000700001f02000)]
  0x00007f81ac816800 JavaThread "Finalizer" daemon [_thread_blocked, id=14595, stack(0x0000700001cff000,0x0000700001dff000)]
  0x00007f81ac813800 JavaThread "Reference Handler" daemon [_thread_blocked, id=14083, stack(0x0000700001bfc000,0x0000700001cfc000)]
  0x00007f81ad000800 JavaThread "main" [_thread_blocked, id=7171, stack(0x00007000011de000,0x00007000012de000)]

Other Threads:
  0x00007f81ac813000 VMThread [stack: 0x0000700001af9000,0x0000700001bf9000] [id=13571]
  0x00007f81ae045000 WatcherThread [stack: 0x0000700002517000,0x0000700002617000] [id=22275]

VM state:not at safepoint (normal execution)

VM Mutex/Monitor currently owned by a thread: None

Heap
 PSYoungGen      total 76800K, used 14621K [0x00000007aaa80000, 0x00000007b0000000, 0x0000000800000000)
  eden space 66048K, 22% used [0x00000007aaa80000,0x00000007ab8c77e8,0x00000007aeb00000)
  from space 10752K, 0% used [0x00000007af580000,0x00000007af580000,0x00000007b0000000)
  to   space 10752K, 0% used [0x00000007aeb00000,0x00000007aeb00000,0x00000007af580000)
 ParOldGen       total 174592K, used 0K [0x0000000700000000, 0x000000070aa80000, 0x00000007aaa80000)
  object space 174592K, 0% used [0x0000000700000000,0x0000000700000000,0x000000070aa80000)
 PSPermGen       total 21504K, used 8785K [0x00000006fae00000, 0x00000006fc300000, 0x0000000700000000)
  object space 21504K, 40% used [0x00000006fae00000,0x00000006fb694548,0x00000006fc300000)

Card table byte_map: [0x0000000108513000,0x0000000108d3d000] byte_map_base: 0x0000000104d3c000

Polling page: 0x0000000103934000

Code Cache  [0x0000000105453000, 0x00000001056c3000, 0x0000000108453000)
 total_blobs=418 nmethods=14 adapters=367 free_code_cache=48628Kb largest_free_block=49777728

Compilation events (10 events):
Event: 0.368 Thread 0x00007f81ad827800   10 %           java.util.jar.JarFile::hasClassPathAttribute @ 50 (168 bytes)
Event: 0.374 Thread 0x00007f81ad022800   11             java.lang.Object::<init> (1 bytes)
Event: 0.374 Thread 0x00007f81ad827800 nmethod 10% 0x00000001054cc450 code [0x00000001054cc5e0, 0x00000001054ccd78]
Event: 0.374 Thread 0x00007f81ad022800 nmethod 11 0x00000001054c83d0 code [0x00000001054c8500, 0x00000001054c8598]
Event: 0.452 Thread 0x00007f81ad827800   12             sun.java2d.loops.GraphicsPrimitive::getUniqueID (5 bytes)
Event: 0.453 Thread 0x00007f81ad827800 nmethod 12 0x00000001054d49d0 code [0x00000001054d4b00, 0x00000001054d4b58]
Event: 0.503 Thread 0x00007f81ad022800   13             java.lang.Class::searchMethods (90 bytes)
Event: 0.503 Thread 0x00007f81ad827800   14             java.lang.reflect.Method::getName (5 bytes)
Event: 0.503 Thread 0x00007f81ad827800 nmethod 14 0x00000001054d8810 code [0x00000001054d8940, 0x00000001054d89b8]
Event: 0.506 Thread 0x00007f81ad022800 nmethod 13 0x00000001054d6cd0 code [0x00000001054d6e40, 0x00000001054d7108]

GC Heap History (0 events):
No events

Deoptimization events (0 events):
No events

Internal exceptions (10 events):
Event: 0.397 Thread 0x00007f81ad000800 Threw 0x00000007ab34dcc0 at /HUDSON/workspace/7u-2-build-macosx-x86_64/jdk7u55/869/hotspot/src/share/vm/prims/jvm.cpp:1244
Event: 0.398 Thread 0x00007f81ad000800 Threw 0x00000007ab362818 at /HUDSON/workspace/7u-2-build-macosx-x86_64/jdk7u55/869/hotspot/src/share/vm/prims/jvm.cpp:1244
Event: 0.478 Thread 0x00007f81ad000800 Threw 0x00000007ab37baa8 at /HUDSON/workspace/7u-2-build-macosx-x86_64/jdk7u55/869/hotspot/src/share/vm/interpreter/linkResolver.cpp:969
Event: 0.478 Thread 0x00007f81ad000800 Threw 0x00000007ab37cf78 at /HUDSON/workspace/7u-2-build-macosx-x86_64/jdk7u55/869/hotspot/src/share/vm/prims/jvm.cpp:1244
Event: 0.483 Thread 0x00007f81ad000800 Threw 0x00000007ab4e9ff0 at /HUDSON/workspace/7u-2-build-macosx-x86_64/jdk7u55/869/hotspot/src/share/vm/prims/jvm.cpp:1244
Event: 0.492 Thread 0x00007f81ad000800 Threw 0x00000007ab52a878 at /HUDSON/workspace/7u-2-build-macosx-x86_64/jdk7u55/869/hotspot/src/share/vm/prims/jvm.cpp:1244
Event: 0.494 Thread 0x00007f81aca3c000 Threw 0x00000007ab6347b0 at /HUDSON/workspace/7u-2-build-macosx-x86_64/jdk7u55/869/hotspot/src/share/vm/prims/jvm.cpp:1244
Event: 0.500 Thread 0x00007f81aca3c000 Threw 0x00000007ab76a790 at /HUDSON/workspace/7u-2-build-macosx-x86_64/jdk7u55/869/hotspot/src/share/vm/prims/jvm.cpp:1244
Event: 0.501 Thread 0x00007f81aca3c000 Threw 0x00000007ab779fd0 at /HUDSON/workspace/7u-2-build-macosx-x86_64/jdk7u55/869/hotspot/src/share/vm/prims/jvm.cpp:1244
Event: 0.501 Thread 0x00007f81aca3c000 Threw 0x00000007ab77ff60 at /HUDSON/workspace/7u-2-build-macosx-x86_64/jdk7u55/869/hotspot/src/share/vm/prims/jvm.cpp:1244

Events (10 events):
Event: 0.495 loading class 0x0000000109b0f5b0
Event: 0.496 loading class 0x0000000109b0f5b0 done
Event: 0.497 loading class 0x00007f81ac868e70
Event: 0.497 loading class 0x00007f81ac868e70 done
Event: 0.499 loading class 0x00007f81ac7687a0
Event: 0.499 loading class 0x00007f81ac7687a0 done
Event: 0.501 loading class 0x00007f81ac42aab0
Event: 0.501 loading class 0x00007f81ac42aab0 done
Event: 0.501 loading class 0x00007f81ac7697d0
Event: 0.501 loading class 0x00007f81ac7697d0 done


Dynamic libraries:
0x000000002a252000 	/System/Library/Frameworks/Cocoa.framework/Versions/A/Cocoa
0x000000002a252000 	/System/Library/Frameworks/Security.framework/Versions/A/Security
0x000000002a252000 	/System/Library/Frameworks/ApplicationServices.framework/Versions/A/ApplicationServices
0x000000002a252000 	/usr/lib/libz.1.dylib
0x000000002a252000 	/usr/lib/libSystem.B.dylib
0x000000002a252000 	/usr/lib/libobjc.A.dylib
0x000000002a252000 	/System/Library/Frameworks/CoreFoundation.framework/Versions/A/CoreFoundation
0x000000002a252000 	/System/Library/Frameworks/Foundation.framework/Versions/C/Foundation
0x000000002a252000 	/System/Library/Frameworks/AppKit.framework/Versions/C/AppKit
0x000000002a252000 	/System/Library/Frameworks/CoreData.framework/Versions/A/CoreData
0x000000002a252000 	/System/Library/PrivateFrameworks/RemoteViewServices.framework/Versions/A/RemoteViewServices
0x000000002a252000 	/System/Library/PrivateFrameworks/UIFoundation.framework/Versions/A/UIFoundation
0x000000002a252000 	/System/Library/PrivateFrameworks/DFRFoundation.framework/Versions/A/DFRFoundation
0x000000002a252000 	/usr/lib/libenergytrace.dylib
0x000000002a252000 	/System/Library/PrivateFrameworks/SkyLight.framework/Versions/A/SkyLight
0x000000002a252000 	/System/Library/Frameworks/CoreGraphics.framework/Versions/A/CoreGraphics
0x000000002a252000 	/usr/lib/libScreenReader.dylib
0x000000002a252000 	/System/Library/Frameworks/Accelerate.framework/Versions/A/Accelerate
0x000000002a252000 	/System/Library/Frameworks/IOSurface.framework/Versions/A/IOSurface
0x000000002a252000 	/System/Library/Frameworks/AudioToolbox.framework/Versions/A/AudioToolbox
0x000000002a252000 	/System/Library/Frameworks/AudioUnit.framework/Versions/A/AudioUnit
0x000000002a252000 	/System/Library/PrivateFrameworks/DataDetectorsCore.framework/Versions/A/DataDetectorsCore
0x000000002a252000 	/System/Library/PrivateFrameworks/DesktopServicesPriv.framework/Versions/A/DesktopServicesPriv
0x000000002a252000 	/System/Library/Frameworks/Carbon.framework/Versions/A/Frameworks/HIToolbox.framework/Versions/A/HIToolbox
0x000000002a252000 	/usr/lib/libicucore.A.dylib
0x000000002a252000 	/System/Library/Frameworks/QuartzCore.framework/Versions/A/QuartzCore
0x000000002a252000 	/System/Library/Frameworks/Carbon.framework/Versions/A/Frameworks/SpeechRecognition.framework/Versions/A/SpeechRecognition
0x000000002a252000 	/usr/lib/libauto.dylib
0x000000002a252000 	/usr/lib/libxml2.2.dylib
0x000000002a252000 	/System/Library/PrivateFrameworks/CoreUI.framework/Versions/A/CoreUI
0x000000002a252000 	/System/Library/Frameworks/CoreAudio.framework/Versions/A/CoreAudio
0x000000002a252000 	/System/Library/Frameworks/DiskArbitration.framework/Versions/A/DiskArbitration
0x000000002a252000 	/usr/lib/liblangid.dylib
0x000000002a252000 	/System/Library/PrivateFrameworks/MultitouchSupport.framework/Versions/A/MultitouchSupport
0x000000002a252000 	/System/Library/Frameworks/IOKit.framework/Versions/A/IOKit
0x000000002a252000 	/usr/lib/libDiagnosticMessagesClient.dylib
0x000000002a252000 	/System/Library/Frameworks/CoreServices.framework/Versions/A/CoreServices
0x000000002a252000 	/System/Library/PrivateFrameworks/PerformanceAnalysis.framework/Versions/A/PerformanceAnalysis
0x000000002a252000 	/System/Library/PrivateFrameworks/GenerationalStorage.framework/Versions/A/GenerationalStorage
0x000000002a252000 	/System/Library/Frameworks/OpenGL.framework/Versions/A/OpenGL
0x000000002a252000 	/System/Library/Frameworks/CoreImage.framework/Versions/A/CoreImage
0x000000002a252000 	/System/Library/Frameworks/CoreText.framework/Versions/A/CoreText
0x000000002a252000 	/System/Library/Frameworks/ImageIO.framework/Versions/A/ImageIO
0x000000002a252000 	/System/Library/PrivateFrameworks/Backup.framework/Versions/A/Backup
0x000000002a252000 	/usr/lib/libarchive.2.dylib
0x000000002a252000 	/System/Library/Frameworks/CFNetwork.framework/Versions/A/CFNetwork
0x000000002a252000 	/System/Library/Frameworks/SystemConfiguration.framework/Versions/A/SystemConfiguration
0x000000002a252000 	/usr/lib/libCRFSuite.dylib
0x000000002a252000 	/usr/lib/libc++.1.dylib
0x000000002a252000 	/usr/lib/libc++abi.dylib
0x000000002a252000 	/usr/lib/system/libcache.dylib
0x000000002a252000 	/usr/lib/system/libcommonCrypto.dylib
0x000000002a252000 	/usr/lib/system/libcompiler_rt.dylib
0x000000002a252000 	/usr/lib/system/libcopyfile.dylib
0x000000002a252000 	/usr/lib/system/libcorecrypto.dylib
0x000000002a252000 	/usr/lib/system/libdispatch.dylib
0x000000002a252000 	/usr/lib/system/libdyld.dylib
0x000000002a252000 	/usr/lib/system/libkeymgr.dylib
0x000000002a252000 	/usr/lib/system/liblaunch.dylib
0x000000002a252000 	/usr/lib/system/libmacho.dylib
0x000000002a252000 	/usr/lib/system/libquarantine.dylib
0x000000002a252000 	/usr/lib/system/libremovefile.dylib
0x000000002a252000 	/usr/lib/system/libsystem_asl.dylib
0x000000002a252000 	/usr/lib/system/libsystem_blocks.dylib
0x000000002a252000 	/usr/lib/system/libsystem_c.dylib
0x000000002a252000 	/usr/lib/system/libsystem_configuration.dylib
0x000000002a252000 	/usr/lib/system/libsystem_coreservices.dylib
0x000000002a252000 	/usr/lib/system/libsystem_coretls.dylib
0x000000002a252000 	/usr/lib/system/libsystem_dnssd.dylib
0x000000002a252000 	/usr/lib/system/libsystem_info.dylib
0x000000002a252000 	/usr/lib/system/libsystem_kernel.dylib
0x000000002a252000 	/usr/lib/system/libsystem_m.dylib
0x000000002a252000 	/usr/lib/system/libsystem_malloc.dylib
0x000000002a252000 	/usr/lib/system/libsystem_network.dylib
0x000000002a252000 	/usr/lib/system/libsystem_networkextension.dylib
0x000000002a252000 	/usr/lib/system/libsystem_notify.dylib
0x000000002a252000 	/usr/lib/system/libsystem_platform.dylib
0x000000002a252000 	/usr/lib/system/libsystem_pthread.dylib
0x000000002a252000 	/usr/lib/system/libsystem_sandbox.dylib
0x000000002a252000 	/usr/lib/system/libsystem_secinit.dylib
0x000000002a252000 	/usr/lib/system/libsystem_symptoms.dylib
0x000000002a252000 	/usr/lib/system/libsystem_trace.dylib
0x000000002a252000 	/usr/lib/system/libunwind.dylib
0x000000002a252000 	/usr/lib/system/libxpc.dylib
0x000000002a252000 	/usr/lib/libbsm.0.dylib
0x000000002a252000 	/usr/lib/system/libkxld.dylib
0x000000002a252000 	/usr/lib/libcoretls.dylib
0x000000002a252000 	/usr/lib/libcoretls_cfhelpers.dylib
0x000000002a252000 	/usr/lib/libOpenScriptingUtil.dylib
0x000000002a252000 	/usr/lib/libpam.2.dylib
0x000000002a252000 	/usr/lib/libsqlite3.dylib
0x000000002a252000 	/usr/lib/libxar.1.dylib
0x000000002a252000 	/usr/lib/libbz2.1.0.dylib
0x000000002a252000 	/usr/lib/liblzma.5.dylib
0x000000002a252000 	/usr/lib/libnetwork.dylib
0x000000002a252000 	/usr/lib/libpcap.A.dylib
0x000000002a252000 	/System/Library/Frameworks/CoreServices.framework/Versions/A/Frameworks/FSEvents.framework/Versions/A/FSEvents
0x000000002a252000 	/System/Library/Frameworks/CoreServices.framework/Versions/A/Frameworks/CarbonCore.framework/Versions/A/CarbonCore
0x000000002a252000 	/System/Library/Frameworks/CoreServices.framework/Versions/A/Frameworks/Metadata.framework/Versions/A/Metadata
0x000000002a252000 	/System/Library/Frameworks/CoreServices.framework/Versions/A/Frameworks/OSServices.framework/Versions/A/OSServices
0x000000002a252000 	/System/Library/Frameworks/CoreServices.framework/Versions/A/Frameworks/SearchKit.framework/Versions/A/SearchKit
0x000000002a252000 	/System/Library/Frameworks/CoreServices.framework/Versions/A/Frameworks/AE.framework/Versions/A/AE
0x000000002a252000 	/System/Library/Frameworks/CoreServices.framework/Versions/A/Frameworks/LaunchServices.framework/Versions/A/LaunchServices
0x000000002a252000 	/System/Library/Frameworks/CoreServices.framework/Versions/A/Frameworks/DictionaryServices.framework/Versions/A/DictionaryServices
0x000000002a252000 	/System/Library/Frameworks/CoreServices.framework/Versions/A/Frameworks/SharedFileList.framework/Versions/A/SharedFileList
0x000000002a252000 	/System/Library/Frameworks/NetFS.framework/Versions/A/NetFS
0x000000002a252000 	/System/Library/PrivateFrameworks/NetAuth.framework/Versions/A/NetAuth
0x000000002a252000 	/System/Library/PrivateFrameworks/login.framework/Versions/A/Frameworks/loginsupport.framework/Versions/A/loginsupport
0x000000002a252000 	/System/Library/PrivateFrameworks/TCC.framework/Versions/A/TCC
0x000000002a252000 	/usr/lib/libmecabra.dylib
0x000000002a252000 	/System/Library/Frameworks/ApplicationServices.framework/Versions/A/Frameworks/ATS.framework/Versions/A/ATS
0x000000002a252000 	/System/Library/Frameworks/ApplicationServices.framework/Versions/A/Frameworks/ColorSync.framework/Versions/A/ColorSync
0x000000002a252000 	/System/Library/Frameworks/ApplicationServices.framework/Versions/A/Frameworks/HIServices.framework/Versions/A/HIServices
0x000000002a252000 	/System/Library/Frameworks/ApplicationServices.framework/Versions/A/Frameworks/LangAnalysis.framework/Versions/A/LangAnalysis
0x000000002a252000 	/System/Library/Frameworks/ApplicationServices.framework/Versions/A/Frameworks/PrintCore.framework/Versions/A/PrintCore
0x000000002a252000 	/System/Library/Frameworks/ApplicationServices.framework/Versions/A/Frameworks/QD.framework/Versions/A/QD
0x000000002a252000 	/System/Library/Frameworks/ApplicationServices.framework/Versions/A/Frameworks/SpeechSynthesis.framework/Versions/A/SpeechSynthesis
0x000000002a252000 	/System/Library/Frameworks/Accelerate.framework/Versions/A/Frameworks/vImage.framework/Versions/A/vImage
0x000000002a252000 	/System/Library/Frameworks/Accelerate.framework/Versions/A/Frameworks/vecLib.framework/Versions/A/vecLib
0x000000002a252000 	/System/Library/Frameworks/Accelerate.framework/Versions/A/Frameworks/vecLib.framework/Versions/A/libvDSP.dylib
0x000000002a252000 	/System/Library/Frameworks/Accelerate.framework/Versions/A/Frameworks/vecLib.framework/Versions/A/libBNNS.dylib
0x000000002a252000 	/System/Library/Frameworks/Accelerate.framework/Versions/A/Frameworks/vecLib.framework/Versions/A/libQuadrature.dylib
0x000000002a252000 	/System/Library/Frameworks/Accelerate.framework/Versions/A/Frameworks/vecLib.framework/Versions/A/libvMisc.dylib
0x000000002a252000 	/System/Library/Frameworks/Accelerate.framework/Versions/A/Frameworks/vecLib.framework/Versions/A/libLAPACK.dylib
0x000000002a252000 	/System/Library/Frameworks/Accelerate.framework/Versions/A/Frameworks/vecLib.framework/Versions/A/libBLAS.dylib
0x000000002a252000 	/System/Library/Frameworks/Accelerate.framework/Versions/A/Frameworks/vecLib.framework/Versions/A/libLinearAlgebra.dylib
0x000000002a252000 	/System/Library/Frameworks/Accelerate.framework/Versions/A/Frameworks/vecLib.framework/Versions/A/libSparseBLAS.dylib
0x000000002a252000 	/System/Library/Frameworks/ApplicationServices.framework/Versions/A/Frameworks/ATS.framework/Versions/A/Resources/libFontParser.dylib
0x000000002a252000 	/System/Library/Frameworks/ApplicationServices.framework/Versions/A/Frameworks/ATS.framework/Versions/A/Resources/libFontRegistry.dylib
0x000000002a252000 	/System/Library/Frameworks/ImageIO.framework/Versions/A/Resources/libJPEG.dylib
0x000000002a252000 	/System/Library/Frameworks/ImageIO.framework/Versions/A/Resources/libTIFF.dylib
0x000000002a252000 	/System/Library/Frameworks/ImageIO.framework/Versions/A/Resources/libPng.dylib
0x000000002a252000 	/System/Library/Frameworks/ImageIO.framework/Versions/A/Resources/libGIF.dylib
0x000000002a252000 	/System/Library/Frameworks/ImageIO.framework/Versions/A/Resources/libJP2.dylib
0x000000002a252000 	/System/Library/Frameworks/ImageIO.framework/Versions/A/Resources/libRadiance.dylib
0x000000002a252000 	/usr/lib/libcompression.dylib
0x000000002a252000 	/System/Library/PrivateFrameworks/AppleJPEG.framework/Versions/A/AppleJPEG
0x000000002a252000 	/usr/lib/libcups.2.dylib
0x000000002a252000 	/System/Library/Frameworks/Kerberos.framework/Versions/A/Kerberos
0x000000002a252000 	/System/Library/Frameworks/GSS.framework/Versions/A/GSS
0x000000002a252000 	/usr/lib/libresolv.9.dylib
0x000000002a252000 	/usr/lib/libiconv.2.dylib
0x000000002a252000 	/System/Library/PrivateFrameworks/Heimdal.framework/Versions/A/Heimdal
0x000000002a252000 	/usr/lib/libheimdal-asn1.dylib
0x000000002a252000 	/System/Library/Frameworks/OpenDirectory.framework/Versions/A/OpenDirectory
0x000000002a252000 	/System/Library/PrivateFrameworks/CommonAuth.framework/Versions/A/CommonAuth
0x000000002a252000 	/System/Library/Frameworks/OpenDirectory.framework/Versions/A/Frameworks/CFOpenDirectory.framework/Versions/A/CFOpenDirectory
0x000000002a252000 	/System/Library/Frameworks/SecurityFoundation.framework/Versions/A/SecurityFoundation
0x000000002a252000 	/System/Library/PrivateFrameworks/LanguageModeling.framework/Versions/A/LanguageModeling
0x000000002a252000 	/usr/lib/libmarisa.dylib
0x000000002a252000 	/usr/lib/libChineseTokenizer.dylib
0x000000002a252000 	/usr/lib/libcmph.dylib
0x000000002a252000 	/System/Library/PrivateFrameworks/CoreEmoji.framework/Versions/A/CoreEmoji
0x000000002a252000 	/System/Library/Frameworks/ServiceManagement.framework/Versions/A/ServiceManagement
0x000000002a252000 	/usr/lib/libxslt.1.dylib
0x000000002a252000 	/System/Library/Frameworks/Carbon.framework/Versions/A/Frameworks/Ink.framework/Versions/A/Ink
0x000000002a252000 	/System/Library/PrivateFrameworks/TextureIO.framework/Versions/A/TextureIO
0x000000002a252000 	/System/Library/Frameworks/Metal.framework/Versions/A/Metal
0x000000002a252000 	/usr/lib/libate.dylib
0x000000002a252000 	/System/Library/PrivateFrameworks/GPUCompiler.framework/libmetal_timestamp.dylib
0x000000002a252000 	/System/Library/Frameworks/OpenGL.framework/Versions/A/Libraries/libCoreFSCache.dylib
0x000000002a252000 	/System/Library/PrivateFrameworks/IOAccelerator.framework/Versions/A/IOAccelerator
0x000000002a252000 	/System/Library/Frameworks/CoreVideo.framework/Versions/A/CoreVideo
0x000000002a252000 	/usr/lib/libFosl_dynamic.dylib
0x000000002a252000 	/System/Library/PrivateFrameworks/MetalPerformanceShaders.framework/Versions/A/MetalPerformanceShaders
0x000000002a252000 	/System/Library/PrivateFrameworks/FaceCore.framework/Versions/A/FaceCore
0x000000002a252000 	/System/Library/Frameworks/OpenCL.framework/Versions/A/OpenCL
0x000000002a252000 	/System/Library/Frameworks/OpenGL.framework/Versions/A/Libraries/libGLU.dylib
0x000000002a252000 	/System/Library/Frameworks/OpenGL.framework/Versions/A/Libraries/libGFXShared.dylib
0x000000002a252000 	/System/Library/Frameworks/OpenGL.framework/Versions/A/Libraries/libGL.dylib
0x000000002a252000 	/System/Library/Frameworks/OpenGL.framework/Versions/A/Libraries/libGLImage.dylib
0x000000002a252000 	/System/Library/Frameworks/OpenGL.framework/Versions/A/Libraries/libCVMSPluginSupport.dylib
0x000000002a252000 	/System/Library/Frameworks/OpenGL.framework/Versions/A/Libraries/libCoreVMClient.dylib
0x000000002a252000 	/System/Library/PrivateFrameworks/CrashReporterSupport.framework/Versions/A/CrashReporterSupport
0x000000002a252000 	/System/Library/PrivateFrameworks/Sharing.framework/Versions/A/Sharing
0x000000002a252000 	/System/Library/PrivateFrameworks/IconServices.framework/Versions/A/IconServices
0x000000002a252000 	/System/Library/PrivateFrameworks/ProtocolBuffer.framework/Versions/A/ProtocolBuffer
0x000000002a252000 	/System/Library/PrivateFrameworks/Apple80211.framework/Versions/A/Apple80211
0x000000002a252000 	/System/Library/Frameworks/CoreWLAN.framework/Versions/A/CoreWLAN
0x000000002a252000 	/System/Library/PrivateFrameworks/CoreUtils.framework/Versions/A/CoreUtils
0x000000002a252000 	/System/Library/Frameworks/IOBluetooth.framework/Versions/A/IOBluetooth
0x000000002a252000 	/System/Library/PrivateFrameworks/CoreWiFi.framework/Versions/A/CoreWiFi
0x000000002a252000 	/System/Library/Frameworks/CoreBluetooth.framework/Versions/A/CoreBluetooth
0x000000002a252000 	/System/Library/Frameworks/CoreDisplay.framework/Versions/A/CoreDisplay
0x000000002a252000 	/System/Library/PrivateFrameworks/IOPresentment.framework/Versions/A/IOPresentment
0x000000002a252000 	/System/Library/PrivateFrameworks/DSExternalDisplay.framework/Versions/A/DSExternalDisplay
0x000000002a252000 	/System/Library/PrivateFrameworks/DebugSymbols.framework/Versions/A/DebugSymbols
0x000000002a252000 	/System/Library/PrivateFrameworks/CoreSymbolication.framework/Versions/A/CoreSymbolication
0x000000002a252000 	/System/Library/PrivateFrameworks/Symbolication.framework/Versions/A/Symbolication
0x000000002a252000 	/System/Library/PrivateFrameworks/AppleFSCompression.framework/Versions/A/AppleFSCompression
0x000000002a252000 	/System/Library/PrivateFrameworks/SpeechRecognitionCore.framework/Versions/A/SpeechRecognitionCore
0x000000002a252000 	/System/Library/PrivateFrameworks/ChunkingLibrary.framework/Versions/A/ChunkingLibrary
0x0000000104a00000 	/Applications/Processing 9.46.18.app/Contents/PlugIns/jdk1.7.0_55.jdk/Contents/Home/jre/lib/server/libjvm.dylib
0x000000002a252000 	/usr/lib/libstdc++.6.dylib
0x00000001038f7000 	/Applications/Processing 9.46.18.app/Contents/PlugIns/jdk1.7.0_55.jdk/Contents/Home/jre/lib/libverify.dylib
0x0000000103904000 	/Applications/Processing 9.46.18.app/Contents/PlugIns/jdk1.7.0_55.jdk/Contents/Home/jre/lib/libjava.dylib
0x0000000103935000 	/Applications/Processing 9.46.18.app/Contents/PlugIns/jdk1.7.0_55.jdk/Contents/Home/jre/lib/libjdwp.dylib
0x0000000103972000 	/Applications/Processing 9.46.18.app/Contents/PlugIns/jdk1.7.0_55.jdk/Contents/Home/jre/lib/libnpt.dylib
0x000000010397f000 	/Applications/Processing 9.46.18.app/Contents/PlugIns/jdk1.7.0_55.jdk/Contents/Home/jre/lib/libzip.dylib
0x000000010aefd000 	/System/Library/Frameworks/JavaVM.framework/Frameworks/JavaRuntimeSupport.framework/JavaRuntimeSupport
0x000000010af17000 	/System/Library/Frameworks/JavaVM.framework/Versions/A/Frameworks/JavaNativeFoundation.framework/Versions/A/JavaNativeFoundation
0x000000010af2c000 	/System/Library/Frameworks/JavaVM.framework/Versions/A/JavaVM
0x000000002a252000 	/System/Library/Frameworks/Carbon.framework/Versions/A/Carbon
0x000000010af39000 	/System/Library/PrivateFrameworks/JavaLaunching.framework/Versions/A/JavaLaunching
0x000000002a252000 	/System/Library/Frameworks/Carbon.framework/Versions/A/Frameworks/CommonPanels.framework/Versions/A/CommonPanels
0x000000002a252000 	/System/Library/Frameworks/Carbon.framework/Versions/A/Frameworks/Help.framework/Versions/A/Help
0x000000002a252000 	/System/Library/Frameworks/Carbon.framework/Versions/A/Frameworks/ImageCapture.framework/Versions/A/ImageCapture
0x000000002a252000 	/System/Library/Frameworks/Carbon.framework/Versions/A/Frameworks/OpenScripting.framework/Versions/A/OpenScripting
0x000000002a252000 	/System/Library/Frameworks/Carbon.framework/Versions/A/Frameworks/Print.framework/Versions/A/Print
0x000000002a252000 	/System/Library/Frameworks/Carbon.framework/Versions/A/Frameworks/SecurityHI.framework/Versions/A/SecurityHI
0x000000011565f000 	/Applications/Processing 9.46.18.app/Contents/PlugIns/jdk1.7.0_55.jdk/Contents/Home/jre/lib/libdt_socket.dylib
0x00000001156c7000 	/Applications/Processing 9.46.18.app/Contents/PlugIns/jdk1.7.0_55.jdk/Contents/Home/jre/lib/libawt.dylib
0x0000000115776000 	/Applications/Processing 9.46.18.app/Contents/PlugIns/jdk1.7.0_55.jdk/Contents/Home/jre/lib/./libmlib_image.dylib
0x0000000115842000 	/Applications/Processing 9.46.18.app/Contents/PlugIns/jdk1.7.0_55.jdk/Contents/Home/jre/lib/lwawt/liblwawt.dylib
0x00000001158f6000 	/Applications/Processing 9.46.18.app/Contents/PlugIns/jdk1.7.0_55.jdk/Contents/Home/jre/lib/libosxapp.dylib
0x000000002a252000 	/System/Library/Frameworks/ExceptionHandling.framework/Versions/A/ExceptionHandling
0x000000002a252000 	/System/Library/PrivateFrameworks/CoreServicesInternal.framework/Versions/A/CoreServicesInternal
0x000000002a252000 	/System/Library/CoreServices/RawCamera.bundle/Contents/MacOS/RawCamera
0x000000002a252000 	/System/Library/Frameworks/Accelerate.framework/Versions/A/Frameworks/vImage.framework/Versions/A/Libraries/libCGInterfaces.dylib
0x000000002a252000 	/System/Library/Frameworks/ApplicationServices.framework/Versions/A/Frameworks/ATS.framework/Versions/A/Resources/libTrueTypeScaler.dylib
0x00000001177c8000 	/System/Library/Frameworks/OpenGL.framework/Resources/GLEngine.bundle/GLEngine
0x000000002a252000 	/System/Library/Frameworks/OpenGL.framework/Versions/A/Libraries/libGLProgrammability.dylib
0x00000001179ad000 	/System/Library/Extensions/AppleIntelHD5000GraphicsGLDriver.bundle/Contents/MacOS/AppleIntelHD5000GraphicsGLDriver
0x000000002a252000 	/System/Library/PrivateFrameworks/GPUSupport.framework/Versions/A/Libraries/libGPUSupportMercury.dylib
0x000000002a252000 	/System/Library/Extensions/GeForceGLDriver.bundle/Contents/MacOS/GeForceGLDriver
0x000000002a252000 	/System/Library/Extensions/GeForceGLDriver.bundle/Contents/MacOS/libclh.dylib
0x000000011643b000 	/System/Library/Frameworks/OpenGL.framework/Resources//GLRendererFloat.bundle/GLRendererFloat
0x000000002a252000 	/System/Library/Frameworks/OpenCL.framework/Versions/A/Libraries/libcldcpuengine.dylib
0x000000002a252000 	/usr/lib/libcrypto.0.9.8.dylib
0x000000002a252000 	/System/Library/PrivateFrameworks/TrustEvaluationAgent.framework/Versions/A/TrustEvaluationAgent
0x000000002a252000 	/System/Library/Extensions/GeForceMTLDriver.bundle/Contents/MacOS/GeForceMTLDriver
0x000000011811b000 	/System/Library/Extensions/AppleIntelHD5000GraphicsMTLDriver.bundle/Contents/MacOS/AppleIntelHD5000GraphicsMTLDriver
0x000000002a252000 	/System/Library/PrivateFrameworks/FamilyControls.framework/Versions/A/FamilyControls
0x000000002a252000 	/System/Library/PrivateFrameworks/CommerceKit.framework/Versions/A/Frameworks/CommerceCore.framework/Versions/A/CommerceCore
0x000000002a252000 	/System/Library/PrivateFrameworks/SystemAdministration.framework/Versions/A/SystemAdministration
0x000000002a252000 	/System/Library/PrivateFrameworks/AppContainer.framework/Versions/A/AppContainer
0x000000002a252000 	/System/Library/PrivateFrameworks/SecCodeWrapper.framework/Versions/A/SecCodeWrapper
0x000000002a252000 	/System/Library/Frameworks/DirectoryService.framework/Versions/A/DirectoryService
0x000000002a252000 	/System/Library/PrivateFrameworks/DiskImages.framework/Versions/A/DiskImages
0x000000002a252000 	/System/Library/PrivateFrameworks/LoginUIKit.framework/Versions/A/Frameworks/LoginUICore.framework/Versions/A/LoginUICore
0x000000002a252000 	/usr/lib/libCoreStorage.dylib
0x000000002a252000 	/usr/lib/libcsfde.dylib
0x000000002a252000 	/usr/lib/libodfde.dylib
0x000000002a252000 	/System/Library/Frameworks/DiscRecording.framework/Versions/A/DiscRecording
0x000000002a252000 	/usr/lib/libcurl.4.dylib
0x000000002a252000 	/System/Library/PrivateFrameworks/MediaKit.framework/Versions/A/MediaKit
0x000000002a252000 	/System/Library/PrivateFrameworks/ProtectedCloudStorage.framework/Versions/A/ProtectedCloudStorage
0x000000002a252000 	/System/Library/PrivateFrameworks/EFILogin.framework/Versions/A/EFILogin
0x000000002a252000 	/usr/lib/libutil.dylib
0x000000002a252000 	/System/Library/Frameworks/LDAP.framework/Versions/A/LDAP
0x000000002a252000 	/usr/lib/libsasl2.2.dylib
0x000000002a252000 	/System/Library/PrivateFrameworks/CoreDaemon.framework/Versions/B/CoreDaemon
0x000000002a252000 	/System/Library/PrivateFrameworks/AppleSRP.framework/Versions/A/AppleSRP
0x000000002a252000 	/System/Library/PrivateFrameworks/APFS.framework/Versions/A/APFS
0x0000000119d14000 	/Applications/Processing 9.46.18.app/Contents/PlugIns/jdk1.7.0_55.jdk/Contents/Home/jre/lib/libfontmanager.dylib
0x0000000119d7b000 	/Applications/Processing 9.46.18.app/Contents/PlugIns/jdk1.7.0_55.jdk/Contents/Home/jre/lib/libosxui.dylib
0x000000011cdf3000 	/Users/bsys/Documents/Processing/libraries/SimpleOpenNI/library/libSimpleOpenNI.jnilib
0x000000011ce46000 	/Users/bsys/Documents/Processing/libraries/SimpleOpenNI/library/./osx/libboost_thread-mt.dylib
0x000000011ce71000 	/Users/bsys/Documents/Processing/libraries/SimpleOpenNI/library/./osx/libboost_system-mt.dylib
0x000000011cea0000 	/Users/bsys/Documents/Processing/libraries/SimpleOpenNI/library/./osx/libOpenNI2.dylib
0x000000011cf29000 	/Users/bsys/Documents/Processing/libraries/SimpleOpenNI/library/./osx/libNiTE2.dylib
0x000000011cdd7000 	/Users/bsys/Documents/Processing/libraries/SimpleOpenNI/library/osx/OpenNI2/Drivers/libFreenectDriver.dylib
0x000000011ce78000 	/Users/bsys/Documents/Processing/libraries/SimpleOpenNI/library/osx/OpenNI2/Drivers/./libfreenect.0.1.2.dylib
0x000000011ce89000 	/Users/bsys/Documents/Processing/libraries/SimpleOpenNI/library/osx/OpenNI2/Drivers/././libusb-1.0.0.dylib
0x000000002a252000 	/System/Library/PrivateFrameworks/ViewBridge.framework/Versions/A/ViewBridge
0x000000002a252000 	/System/Library/PrivateFrameworks/XPCService.framework/Versions/A/XPCService
0x000000002a252000 	/System/Library/PrivateFrameworks/AppSandbox.framework/Versions/A/AppSandbox
0x000000002a252000 	/usr/lib/libsandbox.1.dylib
0x000000002a252000 	/usr/lib/libMatch.1.dylib

VM Arguments:
jvm_args: -agentlib:jdwp=transport=dt_socket,address=8792,server=y,suspend=y -Djava.library.path=:/Users/bsys/Documents/Processing/libraries/SimpleOpenNI/library::/Applications/Processing 9.46.18.app/Contents/Java:/Applications/Processing 9.46.18.app/Contents/MacOS -ea 
java_command: processing.core.PApplet --location=66,89 --external --display=0 Prueba_pde --sketch-path=/Users/bsys/Desktop/Prueba/Prueba_pde
Launcher Type: SUN_STANDARD

Environment Variables:
PATH=/usr/bin:/bin:/usr/sbin:/sbin
SHELL=/bin/bash
DISPLAY=/private/tmp/com.apple.launchd.TEaWy6h1wH/org.macosforge.xquartz:0

Signal Handlers:
SIGSEGV: [libjvm.dylib+0x5253e5], sa_mask[0]=0xfffefeff, sa_flags=0x00000043
SIGBUS: [libjvm.dylib+0x5253e5], sa_mask[0]=0xfffefeff, sa_flags=0x00000042
SIGFPE: [libjvm.dylib+0x4188a2], sa_mask[0]=0xfffefeff, sa_flags=0x00000042
SIGPIPE: [libjvm.dylib+0x4188a2], sa_mask[0]=0xfffefeff, sa_flags=0x00000042
SIGXFSZ: [libjvm.dylib+0x4188a2], sa_mask[0]=0xfffefeff, sa_flags=0x00000042
SIGILL: [libjvm.dylib+0x4188a2], sa_mask[0]=0xfffefeff, sa_flags=0x00000042
SIGUSR1: SIG_DFL, sa_mask[0]=0x00000000, sa_flags=0x00000000
SIGUSR2: [libjvm.dylib+0x418394], sa_mask[0]=0x00000004, sa_flags=0x00000042
SIGHUP: [libjvm.dylib+0x416623], sa_mask[0]=0xfffefeff, sa_flags=0x00000042
SIGINT: [libjvm.dylib+0x416623], sa_mask[0]=0xfffefeff, sa_flags=0x00000042
SIGTERM: [libjvm.dylib+0x416623], sa_mask[0]=0xfffefeff, sa_flags=0x00000042
SIGQUIT: [libjvm.dylib+0x416623], sa_mask[0]=0xfffefeff, sa_flags=0x00000042


---------------  S Y S T E M  ---------------

OS:Bsduname:Darwin 16.7.0 Darwin Kernel Version 16.7.0: Thu Jun 15 17:36:27 PDT 2017; root:xnu-3789.70.16~2/RELEASE_X86_64 x86_64
rlimit: STACK 8192k, CORE 0k, NPROC 709, NOFILE 10240, AS infinity
load average:1.60 1.79 1.75

CPU:total 8 (4 cores per cpu, 2 threads per core) family 6 model 70 stepping 1, cmov, cx8, fxsr, mmx, sse, sse2, sse3, ssse3, sse4.1, sse4.2, popcnt, avx, avx2, aes, erms, ht, tsc, tscinvbit

Memory: 4k page, physical 16777216k(4194304k free)

/proc/meminfo:


vm_info: Java HotSpot(TM) 64-Bit Server VM (24.55-b03) for bsd-amd64 JRE (1.7.0_55-b13), built on Mar 17 2014 19:40:08 by "java_re" with gcc 4.2.1 (Based on Apple Inc. build 5658) (LLVM build 2336.11.00)

time: Thu Oct 12 17:48:01 2017
elapsed time: 0 seconds

